2019/05/28 19:46:58 
----- network initialization -------
2019/05/28 19:46:58 libcurl/7.52.1 OpenSSL/1.0.2r zlib/1.2.8 libidn2/0.16 libpsl/0.17.0 (+libidn2/0.16) libssh2/1.7.0 nghttp2/1.18.1 librtmp/2.3 initialized.
2019/05/28 19:46:58 
------ server initialization -------
2019/05/28 19:46:58 added 12 maps to the mapcycle
2019/05/28 19:46:58 
----- console initialization -------
2019/05/28 19:46:58 Console initialized.
2019/05/28 19:46:58 
------- video initialization -------
2019/05/28 19:46:58 I: SDL version: 2.0.5
2019/05/28 19:46:58 I: found 1 display(s)
2019/05/28 19:46:58 I: current desktop mode: 1920x1080@60Hz (SDL_PIXELFORMAT_RGB888)
2019/05/28 19:46:58 I: video driver: x11
2019/05/28 19:46:58 I: available driver: x11
2019/05/28 19:46:58 I: available driver: wayland
2019/05/28 19:46:58 I: available driver: dummy
2019/05/28 19:46:58 I: driver: x11
2019/05/28 19:46:58 I: setting mode 24
2019/05/28 19:46:58 I: try to get display with 1920x1080
2019/05/28 19:46:58 I: disable multisample buffers
2019/05/28 19:46:58 I: set swap control to 0
2019/05/28 19:46:58 I: 1920x1080 (fullscreen: yes)
2019/05/28 19:46:58 I: got 8 bits of stencil
2019/05/28 19:46:58 I: got 24 bits of depth buffer
2019/05/28 19:46:58 I: got double buffer
2019/05/28 19:46:58 I: got 8 bits for red
2019/05/28 19:46:58 I: got 8 bits for green
2019/05/28 19:46:58 I: got 8 bits for blue
2019/05/28 19:46:58 I: got 0 bits for alpha
2019/05/28 19:46:58 I: got multisample disabled
2019/05/28 19:46:58 I: got 0 multisample buffers
GL_VENDOR: NVIDIA Corporation2019/05/28 19:46:58 
GL_RENDERER: GeForce GTX 750/PCIe/SSE22019/05/28 19:46:58 
GL_VERSION: 4.6.0 NVIDIA 390.1162019/05/28 19:46:58 
GL_EXTENSIONS: GL_AMD_multi_draw_indirect GL_AMD_seamless_cubemap_per_texture GL_ARB_arrays_of_arrays GL_ARB_base_instance GL_ARB_bindless_texture GL_ARB_blend_func_extended GL_ARB_buffer_storage GL_ARB_clear_buffer_object GL_ARB_clear_texture GL_ARB_clip_control GL_ARB_color_buffer_float GL_ARB_compatibility GL_ARB_compressed_texture_pixel_storage GL_ARB_conservative_depth GL_ARB_compute_shader GL_ARB_compute_variable_group_size GL_ARB_conditional_render_inverted GL_ARB_copy_buffer GL_ARB_copy_image GL_ARB_cull_distance GL_ARB_debug_output GL_ARB_depth_buffer_float GL_ARB_depth_clamp GL_ARB_depth_texture GL_ARB_derivative_control GL_ARB_direct_state_access GL_ARB_draw_buffers GL_ARB_draw_buffers_blend GL_ARB_draw_indirect GL_ARB_draw_elements_base_vertex GL_ARB_draw_instanced GL_ARB_enhanced_layouts GL_ARB_ES2_compatibility GL_ARB_ES3_compatibility GL_ARB_ES3_1_compatibility GL_ARB_ES3_2_compatibility GL_ARB_explicit_attrib_location GL_ARB_explicit_uniform_location GL_ARB_fragment_coord_conventions GL_ARB_fragment_layer_viewport GL_ARB_fragment_program GL_ARB_fragment_program_shadow GL_ARB_fragment_shader GL_ARB_framebuffer_no_attachments GL_ARB_framebuffer_object GL_ARB_framebuffer_sRGB GL_ARB_geometry_shader4 GL_ARB_get_program_binary GL_ARB_get_texture_sub_image GL_ARB_gl_spirv GL_ARB_gpu_shader5 GL_ARB_gpu_shader_fp64 GL_ARB_gpu_shader_int64 GL_ARB_half_float_pixel GL_ARB_half_float_vertex GL_ARB_imaging GL_ARB_indirect_parameters GL_ARB_instanced_arrays GL_ARB_internalformat_query GL_ARB_internalformat_query2 GL_ARB_invalidate_subdata GL_ARB_map_buffer_alignment GL_ARB_map_buffer_range GL_ARB_multi_bind GL_ARB_multi_draw_indirect GL_ARB_multisample GL_ARB_multitexture GL_ARB_occlusion_query GL_ARB_occlusion_query2 GL_ARB_parallel_shader_compile GL_ARB_pipeline_statistics_query GL_ARB_pixel_buffer_object GL_ARB_point_parameters GL_ARB_point_sprite GL_ARB_polygon_offset_clamp GL_ARB_program_interface_query GL_ARB_provoking_vertex GL_ARB_query_buffer_object GL_ARB_robust_buffer_access_behavior GL_ARB_robustness GL_ARB_sample_shading GL_ARB_sampler_objects GL_ARB_seamless_cube_map GL_ARB_seamless_cubemap_per_texture GL_ARB_separate_shader_objects GL_ARB_shader_atomic_counter_ops GL_ARB_shader_atomic_counters GL_ARB_shader_ballot GL_ARB_shader_bit_encoding GL_ARB_shader_clock GL_ARB_shader_draw_parameters GL_ARB_shader_group_vote GL_ARB_shader_image_load_store GL_ARB_shader_image_size GL_ARB_shader_objects GL_ARB_shader_precision GL_ARB_shader_storage_buffer_object GL_ARB_shader_subroutine GL_ARB_shader_texture_image_samples GL_ARB_shader_texture_lod GL_ARB_shading_language_100 GL_ARB_shading_language_420pack GL_ARB_shading_language_include GL_ARB_shading_language_packing GL_ARB_shadow GL_ARB_sparse_buffer GL_ARB_sparse_texture GL_ARB_spirv_extensions GL_ARB_stencil_texturing GL_ARB_sync GL_ARB_tessellation_shader GL_ARB_texture_barrier GL_ARB_texture_border_clamp GL_ARB_texture_buffer_object GL_ARB_texture_buffer_object_rgb32 GL_ARB_texture_buffer_range GL_ARB_texture_compression GL_ARB_texture_compression_bptc GL_ARB_texture_compression_rgtc GL_ARB_texture_cube_map GL_ARB_texture_cube_map_array GL_ARB_texture_env_add GL_ARB_texture_env_combine GL_ARB_texture_env_crossbar GL_ARB_texture_env_dot3 GL_ARB_texture_filter_anisotropic GL_ARB_texture_float GL_ARB_texture_gather GL_ARB_texture_mirror_clamp_to_edge GL_ARB_texture_mirrored_repeat GL_ARB_texture_multisample GL_ARB_texture_non_power_of_two GL_ARB_texture_query_levels GL_ARB_texture_query_lod GL_ARB_texture_rectangle GL_ARB_texture_rg GL_ARB_texture_rgb10_a2ui GL_ARB_texture_stencil8 GL_ARB_texture_storage GL_ARB_texture_storage_multisample GL_ARB_texture_swizzle GL_ARB_texture_view GL_ARB_timer_query GL_ARB_transform_feedback2 GL_ARB_transform_feedback3 GL_ARB_transform_feedback_instanced GL_ARB_transform_feedback_overflow_query GL_ARB_transpose_matrix GL_ARB_uniform_buffer_object GL_ARB_vertex_array_bgra GL_ARB_vertex_array_object GL_ARB_vertex_attrib_64bit GL_ARB_vertex_attrib_binding GL_ARB_vertex_buffer_object GL_ARB_vertex_program GL_ARB_vertex_shader GL_ARB_vertex_type_10_11f_11f_rev GL_ARB_vertex_type_2_10_10_10_rev GL_ARB_viewport_array GL_ARB_window_pos GL_ATI_draw_buffers GL_ATI_texture_float GL_ATI_texture_mirror_once GL_S3_s3tc GL_EXT_texture_env_add GL_EXT_abgr GL_EXT_bgra GL_EXT_bindable_uniform GL_EXT_blend_color GL_EXT_blend_equation_separate GL_EXT_blend_func_separate GL_EXT_blend_minmax GL_EXT_blend_subtract GL_EXT_compiled_vertex_array GL_EXT_Cg_shader GL_EXT_depth_bounds_test GL_EXT_direct_state_access GL_EXT_draw_buffers2 GL_EXT_draw_instanced GL_EXT_draw_range_elements GL_EXT_fog_coord GL_EXT_framebuffer_blit GL_EXT_framebuffer_multisample GL_EXTX_framebuffer_mixed_formats GL_EXT_framebuffer_multisample_blit_scaled GL_EXT_framebuffer_object GL_EXT_framebuffer_sRGB GL_EXT_geometry_shader4 GL_EXT_gpu_program_parameters GL_EXT_gpu_shader4 GL_EXT_multi_draw_arrays GL_EXT_packed_depth_stencil GL_EXT_packed_float GL_EXT_packed_pixels GL_EXT_pixel_buffer_object GL_EXT_point_parameters GL_EXT_polygon_offset_clamp GL_EXT_provoking_vertex GL_EXT_rescale_normal GL_EXT_secondary_color GL_EXT_separate_shader_objects GL_EXT_separate_specular_color GL_EXT_shader_image_load_formatted GL_EXT_shader_image_load_store GL_EXT_shader_integer_mix GL_EXT_shadow_funcs GL_EXT_stencil_two_side GL_EXT_stencil_wrap GL_EXT_texture3D GL_EXT_texture_array GL_EXT_texture_buffer_object GL_EXT_texture_compression_dxt1 GL_EXT_texture_compression_latc GL_EXT_texture_compression_rgtc GL_EXT_texture_compression_s3tc GL_EXT_texture_cube_map GL_EXT_texture_edge_clamp GL_EXT_texture_env_combine GL_EXT_texture_env_dot3 GL_EXT_texture_filter_anisotropic GL_EXT_texture_integer GL_EXT_texture_lod GL_EXT_texture_lod_bias GL_EXT_texture_mirror_clamp GL_EXT_texture_object GL_EXT_texture_shared_exponent GL_EXT_texture_sRGB GL_EXT_texture_sRGB_decode GL_EXT_texture_storage GL_EXT_texture_swizzle GL_EXT_timer_query GL_EXT_transform_feedback2 GL_EXT_vertex_array GL_EXT_vertex_array_bgra GL_EXT_vertex_attrib_64bit GL_EXT_window_rectangles GL_EXT_x11_sync_object GL_EXT_import_sync_object GL_NV_robustness_video_memory_purge GL_IBM_rasterpos_clip GL_IBM_texture_mirrored_repeat GL_KHR_context_flush_control GL_KHR_debug GL_EXT_memory_object GL_EXT_memory_object_fd GL_KHR_parallel_shader_compile GL_KHR_no_error GL_KHR_robust_buffer_access_behavior GL_KHR_robustness GL_EXT_semaphore GL_EXT_semaphore_fd GL_KTX_buffer_region GL_NV_alpha_to_coverage_dither_control GL_NV_bindless_multi_draw_indirect GL_NV_bindless_multi_draw_indirect_count GL_NV_bindless_texture GL_NV_blend_equation_advanced GL_NV_blend_equation_advanced_coherent GL_NV_blend_minmax_factor GL_NV_blend_square GL_NV_command_list GL_NV_compute_program5 GL_NV_conditional_render GL_NV_copy_depth_to_color GL_NV_copy_image GL_NV_depth_buffer_float GL_NV_depth_clamp GL_NV_draw_texture GL_NV_draw_vulkan_image GL_NV_ES1_1_compatibility GL_NV_ES3_1_compatibility GL_NV_explicit_multisample GL_NV_fence GL_NV_float_buffer GL_NV_fog_distance GL_NV_fragment_program GL_NV_fragment_program_option GL_NV_fragment_program2 GL_NV_framebuffer_multisample_coverage GL_NV_geometry_shader4 GL_NV_gpu_program4 GL_NV_internalformat_sample_query GL_NV_gpu_program4_1 GL_NV_gpu_program5 GL_NV_gpu_program5_mem_extended GL_NV_gpu_program_fp64 GL_NV_gpu_shader5 GL_NV_half_float GL_NV_light_max_exponent GL_NV_multisample_coverage GL_NV_multisample_filter_hint GL_NV_occlusion_query GL_NV_packed_depth_stencil GL_NV_parameter_buffer_object GL_NV_parameter_buffer_object2 GL_NV_path_rendering GL_NV_pixel_data_range GL_NV_point_sprite GL_NV_primitive_restart GL_NV_query_resource GL_NV_query_resource_tag GL_NV_register_combiners GL_NV_register_combiners2 GL_NV_shader_atomic_counters GL_NV_shader_atomic_float GL_NV_shader_atomic_int64 GL_NV_shader_buffer_load GL_NV_shader_storage_buffer_object GL_NV_texgen_reflection GL_NV_texture_barrier GL_NV_texture_compression_vtc GL_NV_texture_env_combine4 GL_NV_texture_multisample GL_NV_texture_rectangle GL_NV_texture_rectangle_compressed GL_NV_texture_shader GL_NV_texture_shader2 GL_NV_texture_shader3 GL_NV_transform_feedback GL_NV_transform_feedback2 GL_NV_uniform_buffer_nified_memory GL_NV_vdpau_interop GL_NV_vertex_array_range GL_NV_vertex_array_range2 GL_NV_vertex_attrib_integer_64bit GL_NV_vertex_buffer_unified_memory GL_NV_vertex_program GL_NV_vertex_program1_1 GL_NV_vertex_program2 GL_NV_vertex_program2_option GL_NV_vertex_program3 GL_NVX_conditional_render GL_NVX_gpu_memory_info GL_NVX_nvenc_interop GL_NV_shader_thread_group GL_NV_shader_thread_shuffle GL_KHR_blend_equation_advanced GL_KHR_blend_equation_advanced_coherent GL_SGIS_generate_mipmap GL_SGIS_texture_lod GL_SGIX_depth_texture GL_SGIX_shadow GL_SUN_slice_accum 2019/05/28 19:46:58 
2019/05/28 19:46:58 OpenGL version detected: 4.6
2019/05/28 19:46:58 found GL_ARB_multitexture
2019/05/28 19:46:58 found GL_ARB_texture_compression
2019/05/28 19:46:58 found GL_ARB_texture_non_power_of_two
2019/05/28 19:46:58 using GL_ARB_texture_non_power_of_two
2019/05/28 19:46:58 found GL_EXT_texture_filter_anisotropic
2019/05/28 19:46:58 found GL_EXT_texture_lod_bias
2019/05/28 19:46:58 found GL_ARB_vertex_buffer_object
2019/05/28 19:46:58 using GL_ARB_vertex_buffer_object
max vertex buffer size: 1048576
2019/05/28 19:46:58 found GL_ARB_fragment_shader
2019/05/28 19:46:58 found GL_ARB_shading_language_100
2019/05/28 19:46:58 GLSL version guaranteed to be supported by OpenGL implementation postfixed by vender supplied info: 4.60
2019/05/28 19:46:58 found GL_###_framebuffer_object
2019/05/28 19:46:58 using GL_ARB_framebuffer_object
2019/05/28 19:46:58 max draw buffers: 8
2019/05/28 19:46:58 max render buffer size: 16384
2019/05/28 19:46:58 max color attachments: 8
2019/05/28 19:46:58 found GL_###_draw_buffers
2019/05/28 19:46:58 using GL_ARB_draw_buffers
2019/05/28 19:46:58 max supported vertex texture units: 32
2019/05/28 19:46:58 max supported lights: 8
2019/05/28 19:46:58 max texture units: 4
2019/05/28 19:46:58 max texture coords: 8
2019/05/28 19:46:58 max vertex attributes: 16
2019/05/28 19:46:58 max varying floats: 124
2019/05/28 19:46:58 max fragment uniform components: 4096
2019/05/28 19:46:58 max vertex uniform components: 4096
2019/05/28 19:46:58 max texture size: detected 16384
2019/05/28 19:46:58 ...but using 4096 as requested
2019/05/28 19:46:58 Using medium resolution globe textures as requested.
2019/05/28 19:46:58 SDL_ttf version 2.0.14 - we need at least 2.0.7
2019/05/28 19:46:58 
------- sound initialization -------
2019/05/28 19:46:58 SDL_mixer version: 2.0.1
2019/05/28 19:46:58 ... requested audio rate: 44100
2019/05/28 19:46:58 ... available audio driver pulseaudio
2019/05/28 19:46:58 ... available audio driver alsa
2019/05/28 19:46:58 ... available audio driver sndio
2019/05/28 19:46:58 ... available audio driver dsp
2019/05/28 19:46:58 ... available audio driver disk
2019/05/28 19:46:58 ... available audio driver dummy
2019/05/28 19:46:58 ... actual audio driver: pulseaudio
2019/05/28 19:46:58 ... audio rate: 44100
2019/05/28 19:46:58 ... audio channels: 2
2019/05/28 19:46:58 ... loaded ogg vorbis support
2019/05/28 19:46:58 
------- input initialization -------
2019/05/28 19:46:58 0 possible joysticks
2019/05/28 19:46:58 no joystick found.
2019/05/28 19:46:58 Allocate 3 megabytes for the ui hunk
2019/05/28 19:46:58 
------- web initialization ---------
2019/05/28 19:46:58 ... web access not yet configured
2019/05/28 19:46:58 
----------- parse scripts ----------
2019/05/28 19:46:58 60 script files
2019/05/28 19:46:58 Com_ParseArmourOrResistance: unknown damage type "emp" ignored (in armour_light)
2019/05/28 19:46:58 Com_ParseArmourOrResistance: unknown damage type "999" ignored (in armour_light)
2019/05/28 19:46:58 Com_ParseArmourOrResistance: unknown damage type "emp" ignored (in armour_medium)
2019/05/28 19:46:58 Com_ParseArmourOrResistance: unknown damage type "999" ignored (in armour_medium)
2019/05/28 19:46:58 Com_ParseArmourOrResistance: unknown damage type "emp" ignored (in armour_power)
2019/05/28 19:46:58 Com_ParseArmourOrResistance: unknown damage type "999" ignored (in armour_power)
2019/05/28 19:46:58 Com_ParseArmourOrResistance: unknown damage type "emp" ignored (in armour_light_alien)
2019/05/28 19:46:58 Com_ParseArmourOrResistance: unknown damage type "0" ignored (in armour_light_alien)
2019/05/28 19:46:58 Com_ParseArmourOrResistance: unknown damage type "emp" ignored (in armour_medium_alien)
2019/05/28 19:46:58 Com_ParseArmourOrResistance: unknown damage type "0" ignored (in armour_medium_alien)
2019/05/28 19:47:01 Com_ParseArmourOrResistance: unknown damage type "emp" ignored (in taman)
2019/05/28 19:47:01 Com_ParseArmourOrResistance: unknown damage type "999" ignored (in taman)
2019/05/28 19:47:01 Com_ParseArmourOrResistance: unknown damage type "emp" ignored (in ortnok)
2019/05/28 19:47:01 Com_ParseArmourOrResistance: unknown damage type "999" ignored (in ortnok)
2019/05/28 19:47:01 Com_ParseArmourOrResistance: unknown damage type "emp" ignored (in shevaar)
2019/05/28 19:47:01 Com_ParseArmourOrResistance: unknown damage type "999" ignored (in shevaar)
2019/05/28 19:47:01 Com_ParseArmourOrResistance: unknown damage type "emp" ignored (in bloodspider)
2019/05/28 19:47:01 Com_ParseArmourOrResistance: unknown damage type "-50" ignored (in bloodspider)
2019/05/28 19:47:01 Com_ParseArmourOrResistance: unknown damage type "emp" ignored (in bloodspider_adv)
2019/05/28 19:47:01 Com_ParseArmourOrResistance: unknown damage type "-20" ignored (in bloodspider_adv)
2019/05/28 19:47:01 Com_ParseArmourOrResistance: unknown damage type "emp" ignored (in hovernet)
2019/05/28 19:47:01 Com_ParseArmourOrResistance: unknown damage type "15" ignored (in hovernet)
2019/05/28 19:47:01 Com_ParseArmourOrResistance: unknown damage type "emp" ignored (in hovernet_adv)
2019/05/28 19:47:01 Com_ParseArmourOrResistance: unknown damage type "15" ignored (in hovernet_adv)
2019/05/28 19:47:01 Com_ParseArmourOrResistance: unknown damage type "emp" ignored (in phalanx)
2019/05/28 19:47:01 Com_ParseArmourOrResistance: unknown damage type "999" ignored (in phalanx)
2019/05/28 19:47:01 Com_ParseArmourOrResistance: unknown damage type "emp" ignored (in phalanx_ugv_phoenix)
2019/05/28 19:47:01 Com_ParseArmourOrResistance: unknown damage type "0" ignored (in phalanx_ugv_phoenix)
2019/05/28 19:47:01 Com_ParseArmourOrResistance: unknown damage type "emp" ignored (in phalanx_ugv_ares_w)
2019/05/28 19:47:01 Com_ParseArmourOrResistance: unknown damage type "0" ignored (in phalanx_ugv_ares_w)
2019/05/28 19:47:01 68 ui script files
2019/05/28 19:47:01 UI_ParseAndLoadLuaScript: _assets.ufo
2019/05/28 19:47:01 UI_ParseAndLoadLuaScript: _assets_base.ufo
2019/05/28 19:47:01 UI_ParseAndLoadLuaScript: _assets_hud.ufo
2019/05/28 19:47:01 UI_ParseNodeBody: Command name for confunc 'PlayerSquad.squad_custom_options.squad_custom_load_opts.teamsaveslotadd' already registered
2019/05/28 19:47:01 UI_ParseNodeBody: Command name for confunc 'PlayerSquad.squad_custom_options.squad_custom_load_opts.teamsaveslotsclear' already registered
2019/05/28 19:47:01 UI_ParseNodeBody: Command name for confunc 'PlayerSquad.squad_custom_options.squad_custom_loaded_opts.team_memberadd' already registered
2019/05/28 19:47:01 UI_ParseNodeBody: Command name for confunc 'PlayerSquad.squad_custom_options.squad_custom_loaded_opts.team_membersclear' already registered
2019/05/28 19:47:01 UI_ParseAndLoadLuaScript: bases.ufo
2019/05/28 19:47:01 UI_ParseAndLoadLuaScript: campaign.ufo
2019/05/28 19:47:01 UI_ParseAndLoadLuaScript: campaign_main.ufo
2019/05/28 19:47:01 UI_ParseAndLoadLuaScript: cgame.ufo
2019/05/28 19:47:01 UI_ParseAndLoadLuaScript: endgame.ufo
2019/05/28 19:47:01 UI_ParseWindow: window "geoscape" with same name found, second ignored
2019/05/28 19:47:01 R_LoadImageData: image '***r_dayandnighttexture***' is already uploaded
2019/05/28 19:47:01 R_LoadImageData: image '***r_radarTexture***' is already uploaded
2019/05/28 19:47:01 R_LoadImageData: image '***r_xvitexture***' is already uploaded
2019/05/28 19:47:01 UI_ParseNodeBody: Command name for confunc 'geoscape.clean_geoscape_object' already registered
2019/05/28 19:47:01 UI_ParseNodeBody: Command name for confunc 'geoscape.add_geoscape_object' already registered
2019/05/28 19:47:01 UI_ParseNodeBody: Command name for confunc 'geoscape.messagesystem_changemode' already registered
2019/05/28 19:47:01 UI_ParseNodeBody: Command name for confunc 'geoscape.control.ui_update_overlay_buttons' already registered
2019/05/28 19:47:01 UI_ParseAndLoadLuaScript: hud_.ufo
2019/05/28 19:47:01 UI_ParseAndLoadLuaScript: hud_default.ufo
2019/05/28 19:47:01 UI_ParseAndLoadLuaScript: hud_genradar.ufo
2019/05/28 19:47:01 UI_ParseAndLoadLuaScript: hud_nohud.ufo
2019/05/28 19:47:01 UI_ParseAndLoadLuaScript: inv_stat.ufo
2019/05/28 19:47:01 UI_ParseAndLoadLuaScript: mailclient.ufo
2019/05/28 19:47:01 UI_ParseAndLoadLuaScript: main.ufo
2019/05/28 19:47:01 UI_ParseAndLoadLuaScript: market.ufo
2019/05/28 19:47:01 UI_ParseAndLoadLuaScript: missionbriefing.ufo
2019/05/28 19:47:01 UI_ParseAndLoadLuaScript: missionmenu.ufo
2019/05/28 19:47:01 UI_ParseAndLoadLuaScript: modeltest.ufo
2019/05/28 19:47:01 UI_ParseAndLoadLuaScript: popup_aircraft_actions.ufo
2019/05/28 19:47:01 UI_ParseAndLoadLuaScript: popup_capacity.ufo
2019/05/28 19:47:01 UI_ParseAndLoadLuaScript: popup_exitcampaign.ufo
2019/05/28 19:47:01 UI_ParseAndLoadLuaScript: popup_geoscape.ufo
2019/05/28 19:47:01 UI_ParseAndLoadLuaScript: popup_installations.ufo
2019/05/28 19:47:01 UI_ParseAndLoadLuaScript: popup_installationstatus.ufo
2019/05/28 19:47:01 UI_ParseAndLoadLuaScript: popup_intercept.ufo
2019/05/28 19:47:01 UI_ParseAndLoadLuaScript: popup_intercept_ready.ufo
2019/05/28 19:47:01 UI_ParseAndLoadLuaScript: popup_mission.ufo
2019/05/28 19:47:01 UI_ParseAndLoadLuaScript: popup_newinstallation.ufo
2019/05/28 19:47:01 UI_ParseAndLoadLuaScript: popup_quickload.ufo
2019/05/28 19:47:01 UI_ParseAndLoadLuaScript: popup_transferlist.ufo
2019/05/28 19:47:01 UI_ParseAndLoadLuaScript: radar.ufo
2019/05/28 19:47:01 UI_ParseAndLoadLuaScript: research.ufo
2019/05/28 19:47:01 UI_ParseAndLoadLuaScript: sequence.ufo
2019/05/28 19:47:01 UI_ParseAndLoadLuaScript: transfer.ufo
2019/05/28 19:47:01 UI_ParseAndLoadLuaScript: tutorials.ufo
2019/05/28 19:47:01 UI_ParseAndLoadLuaScript: web.ufo
2019/05/28 19:47:01 Shared Client/Server Info loaded
2019/05/28 19:47:01 ...128 items parsed
2019/05/28 19:47:01 ... 32 damage types parsed
2019/05/28 19:47:01 ... 52 equipment definitions parsed
2019/05/28 19:47:01 ... 10 inventory definitions parsed
2019/05/28 19:47:01 ... 25 team definitions parsed
2019/05/28 19:47:01 executing keys.cfg
2019/05/28 19:47:01 Music: track changed from  to van_theme.
2019/05/28 19:47:01 executing autoexec.cfg
2019/05/28 19:47:01 "version" is "UFO: Alien Invasion 2.6-dev AMD64 May 28 2019 Linux DEBUG"
2019/05/28 19:47:04 84 static models loaded
2019/05/28 19:47:04 CL_LanguageInit: language settings are stored in configuration: en
2019/05/28 19:47:04 ...using language: en_US.utf8
2019/05/28 19:47:04 SDL_ttf version 2.0.14 - we need at least 2.0.7
2019/05/28 19:47:04 ...registering 15 fonts
2019/05/28 19:47:04 
----------- parse msgids -----------
2019/05/28 19:47:04 18 msgid files
2019/05/28 19:47:04 no translation for drop_firebird_txt
2019/05/28 19:47:04 no translation for drop_herakles_txt
2019/05/28 19:47:04 no translation for drop_herakles_pre_txt
2019/05/28 19:47:04 no translation for drop_raptor_txt
2019/05/28 19:47:04 no translation for drop_raptor_pre_txt
2019/05/28 19:47:04 no translation for inter_stiletto_txt
2019/05/28 19:47:04 no translation for inter_saracen_txt
2019/05/28 19:47:04 no translation for inter_dragon_txt
2019/05/28 19:47:04 no translation for inter_dragon_pre_txt
2019/05/28 19:47:04 no translation for inter_starchaser_txt
2019/05/28 19:47:04 no translation for inter_starchaser_pre_txt
2019/05/28 19:47:04 no translation for inter_stingray_txt
2019/05/28 19:47:04 no translation for inter_stingray_pre_txt
2019/05/28 19:47:04 no translation for ufo_scout_txt
2019/05/28 19:47:04 no translation for ufo_scout_pre_txt
2019/05/28 19:47:04 no translation for ufo_fighter_txt
2019/05/28 19:47:04 no translation for ufo_fighter_pre_txt
2019/05/28 19:47:04 no translation for ufo_supply_txt
2019/05/28 19:47:04 no translation for ufo_supply_pre_txt
2019/05/28 19:47:04 no translation for ufo_carrier_txt
2019/05/28 19:47:04 no translation for ufo_carrier_pre_txt
2019/05/28 19:47:04 no translation for ufo_bomber_txt
2019/05/28 19:47:04 no translation for ufo_bomber_pre_txt
2019/05/28 19:47:04 no translation for ufo_corrupter_txt
2019/05/28 19:47:04 no translation for ufo_corrupter_pre_txt
2019/05/28 19:47:04 no translation for ufo_gunboat_txt
2019/05/28 19:47:04 no translation for ufo_gunboat_pre_txt
2019/05/28 19:47:04 no translation for ufo_ripper_txt
2019/05/28 19:47:04 no translation for ufo_ripper_pre_txt
2019/05/28 19:47:04 no translation for ufo_harvester_txt
2019/05/28 19:47:04 no translation for ufo_harvester_pre_txt
2019/05/28 19:47:04 no translation for ufo_mothership_txt
2019/05/28 19:47:04 no translation for ufo_mothership_pre_txt
2019/05/28 19:47:04 no translation for craft_electronics_raven_txt
2019/05/28 19:47:04 no translation for craft_electronics_ew_alien_pre_txt
2019/05/28 19:47:04 no translation for craft_electronics_ew_alien_txt
2019/05/28 19:47:04 no translation for craft_shield_light_txt
2019/05/28 19:47:04 no translation for craft_shield_plating_pre_txt
2019/05/28 19:47:04 no translation for craft_shield_plating_txt
2019/05/28 19:47:04 no translation for craft_shield_polymer_alien_pre_txt
2019/05/28 19:47:04 no translation for craft_shield_polymer_alien_txt
2019/05/28 19:47:04 no translation for craft_alien_astrogation_pre_txt
2019/05/28 19:47:04 no translation for craft_alien_astrogation_txt
2019/05/28 19:47:04 no translation for craft_alien_propulsion_pre_txt
2019/05/28 19:47:04 no translation for craft_alien_propulsion_txt
2019/05/28 19:47:04 no translation for craft_alien_propulsion_adv_pre_txt
2019/05/28 19:47:04 no translation for craft_alien_propulsion_adv_txt
2019/05/28 19:47:04 no translation for craft_alien_detection_pre_txt
2019/05/28 19:47:04 no translation for craft_alien_detection_txt
2019/05/28 19:47:04 no translation for craft_weapon_alc_pre_txt
2019/05/28 19:47:04 no translation for craft_weapon_alc_txt
2019/05/28 19:47:04 no translation for craft_weapon_shiva_txt
2019/05/28 19:47:04 no translation for craft_ammo_shiva_1_txt
2019/05/28 19:47:04 no translation for craft_ammo_shiva_2_txt
2019/05/28 19:47:04 no translation for craft_weapon_sparrowhawk_txt
2019/05/28 19:47:04 no translation for craft_ammo_sparrowhawk_txt
2019/05/28 19:47:04 no translation for craft_weapon_tr20_txt
2019/05/28 19:47:04 no translation for craft_ammo_tr20_txt
2019/05/28 19:47:04 no translation for craft_weapon_particle_beam_pre_txt
2019/05/28 19:47:04 no translation for craft_weapon_particle_beam_txt
2019/05/28 19:47:04 no translation for craft_weapon_alien_launcher_pre_txt
2019/05/28 19:47:04 no translation for craft_weapon_alien_launcher_txt
2019/05/28 19:47:04 no translation for alien_antimatter_missile_pre_txt
2019/05/28 19:47:04 no translation for alien_antimatter_missile_txt
2019/05/28 19:47:04 no translation for craft_ammo_hybrid_missile_pre_txt
2019/05/28 19:47:04 no translation for craft_ammo_hybrid_missile_txt
2019/05/28 19:47:04 no translation for craft_electronics_targeting_txt
2019/05/28 19:47:04 no translation for craft_electronics_fuelpod_txt
2019/05/28 19:47:04 no translation for bloodspider_notes_txt
2019/05/28 19:47:04 no translation for bloodspider_notes_pre_txt
2019/05/28 19:47:04 no translation for bloodspider_autopsy_txt
2019/05/28 19:47:04 no translation for bloodspider_autopsy_pre_txt
2019/05/28 19:47:04 no translation for bloodspider_adv_autopsy_txt
2019/05/28 19:47:04 no translation for bloodspider_adv_autopsy_pre_txt
2019/05/28 19:47:04 no translation for ortnok_autopsy_txt
2019/05/28 19:47:04 no translation for ortnok_autopsy_extra_txt
2019/05/28 19:47:04 no translation for ortnok_autopsy_pre_txt
2019/05/28 19:47:04 no translation for ortnok_autopsy_extra_pre_txt
2019/05/28 19:47:04 no translation for taman_autopsy_txt
2019/05/28 19:47:04 no translation for taman_autopsy_extra_txt
2019/05/28 19:47:04 no translation for taman_autopsy_pre_txt
2019/05/28 19:47:04 no translation for taman_autopsy_extra_pre_txt
2019/05/28 19:47:04 no translation for shevaar_autopsy_txt
2019/05/28 19:47:04 no translation for shevaar_autopsy_extra_txt
2019/05/28 19:47:04 no translation for shevaar_autopsy_pre_txt
2019/05/28 19:47:04 no translation for shevaar_autopsy_extra_pre_txt
2019/05/28 19:47:04 no translation for hovernet_autopsy_txt
2019/05/28 19:47:04 no translation for hovernet_autopsy_pre_txt
2019/05/28 19:47:04 no translation for hovernet_adv_autopsy_txt
2019/05/28 19:47:04 no translation for hovernet_adv_autopsy_pre_txt
2019/05/28 19:47:04 no translation for combat_armour_txt
2019/05/28 19:47:04 no translation for nano_armour_txt
2019/05/28 19:47:04 no translation for nano_armour_pre_txt
2019/05/28 19:47:04 no translation for power_armour_txt
2019/05/28 19:47:04 no translation for power_armour_pre_txt
2019/05/28 19:47:04 no translation for alien_body_armour_txt
2019/05/28 19:47:04 no translation for alien_body_armour_pre_txt
2019/05/28 19:47:04 no translation for alien_medium_armour_txt
2019/05/28 19:47:04 no translation for alien_medium_armour_pre_txt
2019/05/28 19:47:04 no translation for b_baselaser_txt
2019/05/28 19:47:04 no translation for b_baselaser_pre_txt
2019/05/28 19:47:04 no translation for b_aliencontainment_txt
2019/05/28 19:47:04 no translation for b_command_txt
2019/05/28 19:47:04 no translation for b_entrance_txt
2019/05/28 19:47:04 no translation for b_missile_txt
2019/05/28 19:47:04 no translation for b_large_hangar_txt
2019/05/28 19:47:04 no translation for b_hospital_txt
2019/05/28 19:47:04 no translation for b_small_hangar_txt
2019/05/28 19:47:04 no translation for b_lab_txt
2019/05/28 19:47:04 no translation for b_powerplant_txt
2019/05/28 19:47:04 no translation for b_quarters_txt
2019/05/28 19:47:04 no translation for b_radar_txt
2019/05/28 19:47:04 no translation for b_radar_adv_txt
2019/05/28 19:47:04 no translation for b_storage_txt
2019/05/28 19:47:04 no translation for b_workshop_txt
2019/05/28 19:47:04 no translation for b_antimatter_txt
2019/05/28 19:47:04 no translation for veryhard_campaign_txt
2019/05/28 19:47:04 no translation for hard_campaign_txt
2019/05/28 19:47:04 no translation for standard_campaign_txt
2019/05/28 19:47:04 no translation for easy_campaign_txt
2019/05/28 19:47:04 no translation for veryeasy_campaign_txt
2019/05/28 19:47:04 no translation for alien_campaign_txt
2019/05/28 19:47:04 no translation for intro_sentence1
2019/05/28 19:47:04 no translation for intro_sentence2
2019/05/28 19:47:04 no translation for intro_sentence3
2019/05/28 19:47:04 no translation for intro_sentence4
2019/05/28 19:47:04 no translation for intro_sentence5
2019/05/28 19:47:04 no translation for intro_sentence6
2019/05/28 19:47:04 no translation for intro_sentence7
2019/05/28 19:47:04 no translation for intro_sentence8
2019/05/28 19:47:04 no translation for campaignwin
2019/05/28 19:47:04 no translation for concept_research_txt
2019/05/28 19:47:04 no translation for concept_production_txt
2019/05/28 19:47:04 no translation for concept_interception_txt
2019/05/28 19:47:04 no translation for concept_disassembly_txt
2019/05/28 19:47:04 no translation for concept_nation_happiness_txt
2019/05/28 19:47:04 no translation for concept_time_units_txt
2019/05/28 19:47:04 no translation for concept_reaction_fire_txt
2019/05/28 19:47:04 no translation for concept_weight_txt
2019/05/28 19:47:04 no translation for concept_wounds_txt
2019/05/28 19:47:04 no translation for concept_equipment_txt
2019/05/28 19:47:04 no translation for installation_radar_txt
2019/05/28 19:47:04 no translation for installation_ufo_yard_txt
2019/05/28 19:47:04 no translation for installation_sam_site_txt
2019/05/28 19:47:04 no translation for irc_motd
2019/05/28 19:47:04 no translation for mail_from_un
2019/05/28 19:47:04 no translation for mail_to_base_commander
2019/05/28 19:47:04 no translation for mail_prolog
2019/05/28 19:47:04 no translation for mail_from_paul_navarre
2019/05/28 19:47:04 no translation for mail_from_dr_connor
2019/05/28 19:47:04 no translation for mail_stunned_alien_died
2019/05/28 19:47:04 no translation for mail_from_xo
2019/05/28 19:47:04 no translation for mail_alien_base_discovered
2019/05/28 19:47:04 no translation for mail_ufocarrier
2019/05/28 19:47:04 no translation for mail_from_col_falkland
2019/05/28 19:47:04 no translation for mission_briefing_default
2019/05/28 19:47:04 no translation for victory_condition_default
2019/05/28 19:47:04 no translation for mission_briefing_fueldump
2019/05/28 19:47:04 no translation for victory_condition_fueldump
2019/05/28 19:47:04 no translation for mission_briefing_alienbase
2019/05/28 19:47:04 no translation for victory_condition_alienbase
2019/05/28 19:47:04 no translation for mission_briefing_crashsite
2019/05/28 19:47:04 no translation for mission_briefing_baseattack
2019/05/28 19:47:04 no translation for mission_briefing_mansion
2019/05/28 19:47:04 no translation for victory_condition_mansion
2019/05/28 19:47:04 no translation for news_initial_political_situation_txt
2019/05/28 19:47:04 no translation for news_after_the_war_txt
2019/05/28 19:47:04 no translation for news_phalanx_and_mumbai_aftermath_txt
2019/05/28 19:47:04 no translation for news_new_twist_txt
2019/05/28 19:47:04 no translation for skill_accuracy_txt
2019/05/28 19:47:04 no translation for skill_assault_txt
2019/05/28 19:47:04 no translation for skill_close_txt
2019/05/28 19:47:04 no translation for skill_explosive_txt
2019/05/28 19:47:04 no translation for skill_mind_txt
2019/05/28 19:47:04 no translation for skill_power_txt
2019/05/28 19:47:04 no translation for skill_sniper_txt
2019/05/28 19:47:04 no translation for skill_speed_txt
2019/05/28 19:47:04 no translation for antimatter_txt
2019/05/28 19:47:04 no translation for antimatter_pre_txt
2019/05/28 19:47:04 no translation for alien_live_txt
2019/05/28 19:47:04 no translation for alien_live_pre_txt
2019/05/28 19:47:04 no translation for alien_breathing_txt
2019/05/28 19:47:04 no translation for alien_breathing_pre_txt
2019/05/28 19:47:04 no translation for alien_mind_txt
2019/05/28 19:47:04 no translation for alien_mind_pre_txt
2019/05/28 19:47:04 no translation for alien_odd_behaviour_txt
2019/05/28 19:47:04 no translation for alien_odd_behaviour_pre_txt
2019/05/28 19:47:04 no translation for alien_communication_txt
2019/05/28 19:47:04 no translation for alien_communication_pre_txt
2019/05/28 19:47:04 no translation for alien_base_txt
2019/05/28 19:47:04 no translation for universal_serum_txt
2019/05/28 19:47:04 no translation for universal_serum_pre_txt
2019/05/28 19:47:04 no translation for alien_origins_txt
2019/05/28 19:47:04 no translation for alien_origins_pre_txt
2019/05/28 19:47:04 no translation for alien_theory_txt
2019/05/28 19:47:04 no translation for alien_theory_pre_txt
2019/05/28 19:47:04 no translation for alien_materials_txt
2019/05/28 19:47:04 no translation for alien_materials_pre_txt
2019/05/28 19:47:04 no translation for enemy_on_earth_txt
2019/05/28 19:47:04 no translation for enemy_on_earth_pre_txt
2019/05/28 19:47:04 no translation for xvi_census_txt
2019/05/28 19:47:04 no translation for xvi_census_pre_txt
2019/05/28 19:47:04 no translation for alien_strategy_txt
2019/05/28 19:47:04 no translation for alien_strategy_pre_txt
2019/05/28 19:47:04 no translation for orbital_ufo_activity_txt
2019/05/28 19:47:04 no translation for orbital_ufo_activity_pre_txt
2019/05/28 19:47:04 no translation for alien_psi_device_txt
2019/05/28 19:47:04 no translation for alien_psi_device_pre_txt
2019/05/28 19:47:04 no translation for human_vaccine_txt
2019/05/28 19:47:04 no translation for human_vaccine_pre_txt
2019/05/28 19:47:04 no translation for tip_build_ufo_yard_txt
2019/05/28 19:47:04 no translation for tip_capture_live_alien_txt
2019/05/28 19:47:04 no translation for tip_samsitearm_txt
2019/05/28 19:47:04 no translation for ugv_phoenix_txt
2019/05/28 19:47:04 no translation for ugv_phoenix_pre_txt
2019/05/28 19:47:04 no translation for ugv_ares_w_txt
2019/05/28 19:47:04 no translation for ugv_ares_w_pre_txt
2019/05/28 19:47:04 no translation for ugv_chaingun_txt
2019/05/28 19:47:04 no translation for ugv_chaingun_pre_txt
2019/05/28 19:47:04 no translation for ugv_chaingun_belt_txt
2019/05/28 19:47:04 no translation for ugv_chaingun_belt_pre_txt
2019/05/28 19:47:04 no translation for ugv_weapon_autocannon_txt
2019/05/28 19:47:04 no translation for ugv_weapon_autocannon_pre_txt
2019/05/28 19:47:04 no translation for laser_txt
2019/05/28 19:47:04 no translation for laser_pre_txt
2019/05/28 19:47:04 no translation for pistol_txt
2019/05/28 19:47:04 no translation for pistol_mag_txt
2019/05/28 19:47:04 no translation for pistol2_txt
2019/05/28 19:47:04 no translation for pistol2_mag_txt
2019/05/28 19:47:04 no translation for vhs_assault_txt
2019/05/28 19:47:04 no translation for assault_txt
2019/05/28 19:47:04 no translation for assault_mag_txt
2019/05/28 19:47:04 no translation for machinegun_txt
2019/05/28 19:47:04 no translation for machinegun_mag_txt
2019/05/28 19:47:04 no translation for rpg_txt
2019/05/28 19:47:04 no translation for rpg_ammo_txt
2019/05/28 19:47:04 no translation for rpg_incendiary_ammo_txt
2019/05/28 19:47:04 no translation for rpg_hybrid_ammo_txt
2019/05/28 19:47:04 no translation for rpg_hybrid_ammo_pre_txt
2019/05/28 19:47:04 no translation for xaw95_txt
2019/05/28 19:47:04 no translation for xaw95_pre_txt
2019/05/28 19:47:04 no translation for bombkit1_txt
2019/05/28 19:47:04 no translation for bombkit1_pre_txt
2019/05/28 19:47:04 no translation for chaingun_txt
2019/05/28 19:47:04 no translation for chaingun_pre_txt
2019/05/28 19:47:04 no translation for shotgun_txt
2019/05/28 19:47:04 no translation for bolterrifle_txt
2019/05/28 19:47:04 no translation for bolterrifle_pre_txt
2019/05/28 19:47:04 no translation for bolterrifle_am_txt
2019/05/28 19:47:04 no translation for bolterrifle_am_pre_txt
2019/05/28 19:47:04 no translation for combatknife_txt
2019/05/28 19:47:04 no translation for monoknife_txt
2019/05/28 19:47:04 no translation for monoknife_pre_txt
2019/05/28 19:47:04 no translation for flamer_txt
2019/05/28 19:47:04 no translation for flamer_mag_txt
2019/05/28 19:47:04 no translation for flashbang_txt
2019/05/28 19:47:04 no translation for fraggren_txt
2019/05/28 19:47:04 no translation for incgren_txt
2019/05/28 19:47:04 no translation for grenl_txt
2019/05/28 19:47:04 no translation for grenl_ammo_txt
2019/05/28 19:47:04 no translation for grenl_fle_ammo_txt
2019/05/28 19:47:04 no translation for grenl_incendiary_ammo_txt
2019/05/28 19:47:04 no translation for grenl_plasma_ammo_txt
2019/05/28 19:47:04 no translation for grenl_plasma_ammo_pre_txt
2019/05/28 19:47:04 no translation for irgoggles_txt
2019/05/28 19:47:04 no translation for kerrblade_txt
2019/05/28 19:47:04 no translation for kerrblade_pre_txt
2019/05/28 19:47:04 no translation for laserpistol_txt
2019/05/28 19:47:04 no translation for laserpistol_pre_txt
2019/05/28 19:47:04 no translation for laserrifle_txt
2019/05/28 19:47:04 no translation for laserrifle_pre_txt
2019/05/28 19:47:04 no translation for heavylaser_txt
2019/05/28 19:47:04 no translation for heavylaser_pre_txt
2019/05/28 19:47:04 no translation for electrolaser_txt
2019/05/28 19:47:04 no translation for electrolaser_pre_txt
2019/05/28 19:47:04 no translation for laser_ammo_txt
2019/05/28 19:47:04 no translation for laser_ammo_pre_txt
2019/05/28 19:47:04 no translation for medikit_txt
2019/05/28 19:47:04 no translation for plasatomizer_txt
2019/05/28 19:47:04 no translation for plasatomizer_pre_txt
2019/05/28 19:47:04 no translation for plasblaster_txt
2019/05/28 19:47:04 no translation for plasblaster_pre_txt
2019/05/28 19:47:04 no translation for plasblade_txt
2019/05/28 19:47:04 no translation for plasblade_pre_txt
2019/05/28 19:47:04 no translation for plasmagren_txt
2019/05/28 19:47:04 no translation for plasmagren_pre_txt
2019/05/28 19:47:04 no translation for plasrifle_txt
2019/05/28 19:47:04 no translation for plasrifle_pre_txt
2019/05/28 19:47:04 no translation for encased_plasma_txt
2019/05/28 19:47:04 no translation for encased_plasma_pre_txt
2019/05/28 19:47:04 no translation for needlergun_txt
2019/05/28 19:47:04 no translation for needlergun_pre_txt
2019/05/28 19:47:04 no translation for needlerheavy_txt
2019/05/28 19:47:04 no translation for needlerheavy_pre_txt
2019/05/28 19:47:04 no translation for coilgun_txt
2019/05/28 19:47:04 no translation for coilgun_pre_txt
2019/05/28 19:47:04 no translation for shotgun2_txt
2019/05/28 19:47:04 no translation for shotgun2_slug_ammo_txt
2019/05/28 19:47:04 no translation for shotgun_micro_txt
2019/05/28 19:47:04 no translation for shotgun_micro_ammo_txt
2019/05/28 19:47:04 no translation for smg_txt
2019/05/28 19:47:04 no translation for smg_mag_txt
2019/05/28 19:47:04 no translation for smokegren_txt
2019/05/28 19:47:04 no translation for sniper_txt
2019/05/28 19:47:04 no translation for sniper_mag_txt
2019/05/28 19:47:04 no translation for stungren_txt
2019/05/28 19:47:04 no translation for stungren_pre_txt
2019/05/28 19:47:04 no translation for stungren_alien_txt
2019/05/28 19:47:04 no translation for stungren_alien_pre_txt
2019/05/28 19:47:04 no translation for stunrod_txt
2019/05/28 19:47:04 no translation for stunrod_pre_txt
2019/05/28 19:47:04 no translation for pbeampistol_txt
2019/05/28 19:47:04 no translation for pbeampistol_pre_txt
2019/05/28 19:47:04 no translation for pbeamcannon_txt
2019/05/28 19:47:04 no translation for pbeamcannon_pre_txt
2019/05/28 19:47:04 no translation for pbeamrifle_txt
2019/05/28 19:47:04 no translation for pbeamrifle_pre_txt
2019/05/28 19:47:04 no translation for pbeamammo_txt
2019/05/28 19:47:04 no translation for pbeamammo_pre_txt
2019/05/28 19:47:04 ----------- game modes -------------
2019/05/28 19:47:04 added _Multiplayer
2019/05/28 19:47:04 added _Campaign
2019/05/28 19:47:04 added _Skirmish
2019/05/28 19:47:04 added 3 game modes
2019/05/28 19:47:04 ====== UFO Initialized ======
2019/05/28 19:47:04 =============================
2019/05/28 19:47:04 Switch grab input off
2019/05/28 19:47:08 Change gametype to 'Campaign mode'
2019/05/28 19:47:08 
--- save subsystem initialization --
2019/05/28 19:47:08 added campaign subsystem
2019/05/28 19:47:08 added research subsystem
2019/05/28 19:47:08 added base subsystem
2019/05/28 19:47:08 added hospital subsystem
2019/05/28 19:47:08 added market subsystem
2019/05/28 19:47:08 added employee subsystem
2019/05/28 19:47:08 added aliencont subsystem
2019/05/28 19:47:08 added aircraft subsystem
2019/05/28 19:47:08 added alien base subsystem
2019/05/28 19:47:08 added interest subsystem
2019/05/28 19:47:08 added installation subsystem
2019/05/28 19:47:08 added mission subsystem
2019/05/28 19:47:08 added ufostores subsystem
2019/05/28 19:47:08 added production subsystem
2019/05/28 19:47:08 added messagesystem subsystem
2019/05/28 19:47:08 added stats subsystem
2019/05/28 19:47:08 added nations subsystem
2019/05/28 19:47:08 added transfer subsystem
2019/05/28 19:47:08 added xvirate subsystem
2019/05/28 19:47:08 added messageoptions subsystem
2019/05/28 19:47:08 added triggerevents subsystem
2019/05/28 19:47:08 CL_GetCampaign: Campaign "superhuman" doesn't exist.
2019/05/28 19:47:08 CL_GetCampaign: Campaign "veryhard" doesn't exist.
2019/05/28 19:47:08 CL_GetCampaign: Campaign "hard" doesn't exist.
2019/05/28 19:47:08 CL_GetCampaign: Campaign "main" doesn't exist.
2019/05/28 19:47:08 CL_GetCampaign: Campaign "easy" doesn't exist.
2019/05/28 19:47:08 CL_GetCampaign: Campaign "veryeasy" doesn't exist.
2019/05/28 19:47:08 Campaign data loaded - size 1510488 bytes
2019/05/28 19:47:08 ...techs: 237
2019/05/28 19:47:08 ...buildings: 16
2019/05/28 19:47:08 ...ranks: 16
2019/05/28 19:47:08 ...nations: 8
2019/05/28 19:47:08 ...cities: 457
2019/05/28 19:47:08 
